### ISSUE TITLE
[Documentation]: Llama.cpp pre-built binaries crash on Zen3

### ISSUE THREAD

**Issue by daanknoope** [ROCm/legacy-rocm-build#6628]
## Summary

The [Llama.cpp pre-built binaries documentation](https://rocm.docs.amd.com/projects/radeon-ryzen/en/latest/docs/advanced/advancedrad/windows/llm/llamacpp.html) shows installation instructions for running llama.cpp on Windows with AMD-validated binaries. These validated binaries could be very helpful, but unfortunately do not work on non-AVX512 (including all pre-Zen4) processors, without documenting this limitation.

## Bug
Running `.\llama-server.exe --version` crashes immediately after showing which GPUs have been installed with an exit code of `-1073741795`. This translates to `0xC000001D` in HEX, meaning Illegal Instruction in Windows.

Digging a bit further with WinDbg shows that the crash happens at `kmovd k1,eax`, indicating that the program is trying to execute an AVX512 instruction. These have only been part of AMD CPUs starting with Zen4.

## Suggested Solutions
Since binaries are built to support the `gfx120X` series dedicated GPUs, which are usually paired with a wide variety of CPUs, support for non-AVX512 processors could be added by shipping with multiple `ggml-cpu.dll` variants like upstream llama.cpp or by lowering the baseline instruction set. If this is infeasible, the documentation should at least be updated to list AVX512 as minimum requirement to make this clear to new users.

## Specs
* RX9070
* Ryzen 5800X
* Windows 11 25H2

## WinDbg Log
```
Opened log file 'C:\Users\daank\Desktop\windbg-llama.log'
0:000> g
g
ModLoad: 00007ffa`bcd70000 00007ffa`bcda2000   C:\WINDOWS\System32\IMM32.DLL
ModLoad: 00007ffa`b7000000 00007ffa`b7046000   C:\WINDOWS\SYSTEM32\dxcore.dll
ModLoad: 00007ffa`b6ae0000 00007ffa`b6b0f000   C:\WINDOWS\SYSTEM32\dwmapi.dll
ModLoad: 00007ffa`bc9e0000 00007ffa`bcd63000   C:\WINDOWS\System32\combase.dll
ModLoad: 00007ffa`ba370000 00007ffa`ba39f000   C:\WINDOWS\SYSTEM32\DEVOBJ.dll
ModLoad: 00007ffa`ba3b0000 00007ffa`ba401000   C:\WINDOWS\SYSTEM32\cfgmgr32.dll
ModLoad: 00000227`51e00000 00000227`51e51000   C:\WINDOWS\SYSTEM32\cfgmgr32.dll
ModLoad: 00000227`51e60000 00000227`51eb1000   C:\WINDOWS\SYSTEM32\CFGMGR32.dll
ModLoad: 00007ffa`bb260000 00007ffa`bb2e3000   C:\WINDOWS\System32\WINTRUST.dll
ModLoad: 00007ffa`b9eb0000 00007ffa`b9ec3000   C:\WINDOWS\SYSTEM32\MSASN1.dll
ModLoad: 00007ff9`90300000 00007ff9`96c6d000   C:\llms\llama_cpp_binaries\llama-b8407-windows-rocm-7.2.1-gfx110X-gfx115X-gfx120X-x64\amd_comgr0702.dll
ModLoad: 00007ffa`bc870000 00007ffa`bc949000   C:\WINDOWS\System32\OLEAUT32.dll
ModLoad: 00007ffa`acd00000 00007ffa`acd0b000   C:\WINDOWS\SYSTEM32\VERSION.dll
(2d10.4eb4): Illegal instruction - code c000001d (first chance)
(2d10.4eb4): Illegal instruction - code c000001d (!!! second chance !!!)
*** WARNING: Unable to verify checksum for C:\llms\llama_cpp_binaries\llama-b8407-windows-rocm-7.2.1-gfx110X-gfx115X-gfx120X-x64\ggml-cpu.dll
ggml_cpu!ggml_cpu_init+0x150:
00007ffa`3ed378f0 c5fb92c8        kmovd   k1,eax
*** WARNING: Unable to verify checksum for C:\llms\llama_cpp_binaries\llama-b8407-windows-rocm-7.2.1-gfx110X-gfx115X-gfx120X-x64\ggml.dll
0:000> .lastevent
.lastevent
Last event: 2d10.4eb4: Illegal instruction - code c000001d (!!! second chance !!!)
  debugger time: Tue Aug 18 23:53:42.691 2026 (UTC + 2:00)
0:000> ln @rip
ln @rip
Browse module
Set bu breakpoint

(00007ffa`3ed377a0)   ggml_cpu!ggml_cpu_init+0x150   |  (00007ffa`3ed39e40)   ggml_cpu!ggml_graph_compute_with_ctx
0:000> u @rip L5
u @rip L5
ggml_cpu!ggml_cpu_init+0x150:
00007ffa`3ed378f0 c5fb92c8        kmovd   k1,eax
00007ffa`3ed378f4 62f17e0910c1    vmovss  xmm0{k1},xmm0,xmm1
00007ffa`3ed378fa c5f97ec0        vmovd   eax,xmm0
00007ffa`3ed378fe 09c1            or      ecx,eax
00007ffa`3ed37900 c5f96ef1        vmovd   xmm6,ecx
0:000> r
r
rax=000000003f000001 rbx=0000000000000000 rcx=0000000000000000
rdx=00000000002dc6c0 rsi=00007ffa3eec1800 rdi=0000000000000000
rip=00007ffa3ed378f0 rsp=000000e01e2e6720 rbp=0000000000007e00
 r8=0000000000000083  r9=000000007ffea000 r10=0000000000000001
r11=000015cb68ab8784 r12=00007ffa3ef21e00 r13=0000000000000000
r14=0000000000000000 r15=00007ffabb028740
iopl=0         nv up ei pl zr na pe nc
cs=0033  ss=002b  ds=002b  es=002b  fs=0053  gs=002b             efl=00010244
ggml_cpu!ggml_cpu_init+0x150:
00007ffa`3ed378f0 c5fb92c8        kmovd   k1,eax
0:000> k
k
 # Child-SP          RetAddr               Call Site
00 000000e0`1e2e6720 00007ffa`3ed3a949     ggml_cpu!ggml_cpu_init+0x150
01 000000e0`1e2e6850 00007ffa`9cf068c7     ggml_cpu!ggml_backend_cpu_reg+0x9
02 000000e0`1e2e6880 00007ffa`9cf0483e     ggml!ggml_backend_load_all_from_path+0x4577
03 000000e0`1e2e68e0 00007ffa`9cf023a3     ggml!ggml_backend_load_all_from_path+0x24ee
04 000000e0`1e2e6d60 00007ff6`5cf990c6     ggml!ggml_backend_load_all_from_path+0x53
05 000000e0`1e2e6d90 00007ff6`5cfce7f8     llama_server+0x1290c6
06 000000e0`1e2f5160 00007ff6`5ce711f5     llama_server+0x15e7f8
07 000000e0`1e2f85d0 00007ff6`5d46130c     llama_server+0x11f5
08 000000e0`1e2ff840 00007ffa`bc37e957     llama_server+0x5f130c
09 000000e0`1e2ff880 00007ffa`bd66ad6c     KERNEL32!BaseThreadInitThunk+0x17
0a 000000e0`1e2ff8b0 00000000`00000000     ntdll!RtlUserThreadStart+0x2c

```

**Comment by harkgill-amd** [comment]
Hey @daanknoope, can you give the latest gfx12 binaries from https://github.com/lemonade-sdk/llamacpp-rocm/releases a try. That'll help confirm if this is an issue with the latest bundled build of llamcpp + ROCm.

As a side note, the docs at https://rocm.docs.amd.com/projects/radeon-ryzen/en/latest/docs/advanced/advancedrad/windows/llm/llamacpp.html are outdated. We'll be publishing a new llamacpp+ROCm specific page at https://rocm.docs.amd.com/projects/ai-ecosystem/en/latest/ in the coming weeks which'll contain the latest install steps. In the meantime, the bundled build I shared above should avoid the crash entirely as it lowers the baseline instruction set.

**Comment by daanknoope** [comment]
Hi @harkgill-amd, I tested release `b1328`, which works perfectly and has solved the issue. Looking forward to the docs update!
